
==== SENT_TEXT_RAW @ 2025-12-05T08:32:26.840Z ====
{
  "id": 1263,
  "peerId": {
    "userId": "664916182",
    "channelId": "664916182",
    "chatId": "664916182",
    "className": "PeerUser"
  },
  "message": "123123",
  "date": 1764923547,
  "out": true,
  "media": null,
  "entities": null,
  "ttlPeriod": null,
  "className": "Message"
}
===============================================

==== SENT_TEXT_RAW @ 2025-12-05T08:32:29.941Z ====
{
  "id": 1264,
  "peerId": {
    "userId": "664916182",
    "channelId": "664916182",
    "chatId": "664916182",
    "className": "PeerUser"
  },
  "message": "123",
  "date": 1764923551,
  "out": true,
  "media": null,
  "entities": null,
  "ttlPeriod": null,
  "className": "Message"
}
===============================================

==== SENT_MEDIA_RAW @ 2025-12-05T08:32:49.024Z ====
{
  "flags": 770,
  "out": true,
  "mentioned": false,
  "mediaUnread": false,
  "silent": false,
  "post": false,
  "fromScheduled": false,
  "legacy": false,
  "editHide": false,
  "pinned": false,
  "noforwards": false,
  "invertMedia": false,
  "flags2": 0,
  "offline": false,
  "videoProcessingPending": false,
  "id": 1265,
  "fromId": {
    "userId": "8214252597",
    "className": "PeerUser"
  },
  "fromBoostsApplied": null,
  "peerId": {
    "userId": "664916182",
    "className": "PeerUser"
  },
  "savedPeerId": null,
  "fwdFrom": null,
  "viaBotId": null,
  "viaBusinessBotId": null,
  "replyTo": null,
  "date": 1764923569,
  "message": "",
  "media": {
    "flags": 1,
    "nopremium": false,
    "spoiler": false,
    "video": false,
    "round": false,
    "voice": false,
    "document": {
      "flags": 0,
      "id": "5877660330804387090",
      "accessHash": "-200846018757860216",
      "fileReference": {
        "type": "Buffer",
        "data": [
          3,
          0,
          0,
          4,
          241,
          105,
          50,
          152,
          177,
          144,
          226,
          245,
          145,
          91,
          206,
          148,
          46,
          204,
          88,
          234,
          222,
          247,
          49,
          166,
          116
        ]
      },
      "date": 1764923569,
      "mimeType": "application/octet-stream",
      "size": "99894",
      "thumbs": null,
      "videoThumbs": null,
      "dcId": 4,
      "attributes": [
        {
          "fileName": "0c52fa76-556a-4668-a06f-6fa08705a537 (1) (1).jfif",
          "className": "DocumentAttributeFilename"
        }
      ],
      "className": "Document"
    },
    "altDocuments": null,
    "videoCover": null,
    "videoTimestamp": null,
    "ttlSeconds": null,
    "className": "MessageMediaDocument"
  },
  "replyMarkup": null,
  "entities": null,
  "views": null,
  "forwards": null,
  "replies": null,
  "editDate": null,
  "postAuthor": null,
  "groupedId": null,
  "reactions": null,
  "restrictionReason": null,
  "ttlPeriod": null,
  "quickReplyShortcutId": null,
  "effect": null,
  "factcheck": null,
  "reportDeliveryUntilDate": null,
  "className": "Message"
}
===============================================

==== SENT_MEDIA_RAW @ 2025-12-05T08:32:57.928Z ====
{
  "flags": 770,
  "out": true,
  "mentioned": false,
  "mediaUnread": false,
  "silent": false,
  "post": false,
  "fromScheduled": false,
  "legacy": false,
  "editHide": false,
  "pinned": false,
  "noforwards": false,
  "invertMedia": false,
  "flags2": 0,
  "offline": false,
  "videoProcessingPending": false,
  "id": 1266,
  "fromId": {
    "userId": "8214252597",
    "className": "PeerUser"
  },
  "fromBoostsApplied": null,
  "peerId": {
    "userId": "664916182",
    "className": "PeerUser"
  },
  "savedPeerId": null,
  "fwdFrom": null,
  "viaBotId": null,
  "viaBusinessBotId": null,
  "replyTo": null,
  "date": 1764923578,
  "message": "",
  "media": {
    "flags": 1,
    "spoiler": false,
    "photo": {
      "flags": 0,
      "hasStickers": false,
      "id": "5877660331264380144",
      "accessHash": "-7124521873088501744",
      "fileReference": {
        "type": "Buffer",
        "data": [
          3,
          0,
          0,
          4,
          242,
          105,
          50,
          152,
          186,
          33,
          11,
          75,
          52,
          12,
          31,
          123,
          80,
          147,
          181,
          178,
          133,
          219,
          203,
          58,
          34
        ]
      },
      "date": 1764923578,
      "sizes": [
        {
          "type": "i",
          "bytes": {
            "type": "Buffer",
            "data": [
              1,
              40,
              23,
              210,
              163,
              104,
              239,
              84,
              228,
              191,
              85,
              66,
              2,
              149,
              110,
              219,
              133,
              54,
              43,
              245,
              105,
              24,
              177,
              59,
              78,
              0,
              0,
              112,
              13,
              80,
              139,
              184,
              94,
              194,
              138,
              173,
              13,
              224,
              112,
              114,
              164,
              16,
              112,
              64,
              230,
              138,
              46,
              22,
              40,
              93,
              157,
              174,
              140,
              14,
              9,
              24,
              53,
              28,
              222,
              82,
              206,
              18,
              60,
              237,
              32,
              100,
              125,
              106,
              121,
              84,
              62,
              55,
              12,
              227,
              52,
              210,
              137,
              212,
              168,
              224,
              10,
              155,
              142,
              195,
              108,
              120,
              71,
              110,
              156,
              227,
              52,
              83,
              237,
              208,
              68,
              132,
              3,
              144,
              77,
              20,
              134,
              62,
              142,
              188,
              81,
              69,
              2,
              19,
              56,
              20,
              81,
              69,
              0,
              127
            ]
          },
          "className": "PhotoStrippedSize"
        },
        {
          "type": "m",
          "w": 180,
          "h": 320,
          "size": 14652,
          "className": "PhotoSize"
        },
        {
          "type": "x",
          "w": 450,
          "h": 800,
          "size": 65826,
          "className": "PhotoSize"
        },
        {
          "type": "y",
          "w": 519,
          "h": 923,
          "sizes": [
            7461,
            18193,
            27730,
            44839,
            77193
          ],
          "className": "PhotoSizeProgressive"
        }
      ],
      "videoSizes": null,
      "dcId": 4,
      "className": "Photo"
    },
    "ttlSeconds": null,
    "className": "MessageMediaPhoto"
  },
  "replyMarkup": null,
  "entities": null,
  "views": null,
  "forwards": null,
  "replies": null,
  "editDate": null,
  "postAuthor": null,
  "groupedId": null,
  "reactions": null,
  "restrictionReason": null,
  "ttlPeriod": null,
  "quickReplyShortcutId": null,
  "effect": null,
  "factcheck": null,
  "reportDeliveryUntilDate": null,
  "className": "Message"
}
===============================================
